[0.011s] Invoking command in '/root/ros2_ws/build/rm65_moveit_config': CMAKE_PREFIX_PATH=/root/ros2_ws/install/rm65_description:/root/ros2_ws/install/rm65_planner:/root/ros2_ws/install/rm65_moveit_config:/root/ros2_ws/install/rm65_control:/opt/ros/humble /usr/bin/cmake /root/ros2_ws/src/rm65_moveit_config -DAMENT_CMAKE_SYMLINK_INSTALL=1 -DCMAKE_INSTALL_PREFIX=/root/ros2_ws/install/rm65_moveit_config
[0.081s] -- The C compiler identification is GNU 11.4.0
[0.155s] -- The CXX compiler identification is GNU 11.4.0
[0.164s] -- Detecting C compiler ABI info
[0.268s] -- Detecting C compiler ABI info - done
[0.278s] -- Check for working C compiler: /usr/bin/cc - skipped
[0.279s] -- Detecting C compile features
[0.279s] -- Detecting C compile features - done
[0.282s] -- Detecting CXX compiler ABI info
[0.378s] -- Detecting CXX compiler ABI info - done
[0.386s] -- Check for working CXX compiler: /usr/bin/c++ - skipped
[0.387s] -- Detecting CXX compile features
[0.387s] -- Detecting CXX compile features - done
[0.390s] -- Found ament_cmake: 1.3.12 (/opt/ros/humble/share/ament_cmake/cmake)
[0.559s] -- Found Python3: /usr/bin/python3 (found version "3.10.12") found components: Interpreter 
[0.633s] -- Override CMake install command with custom implementation using symlinks instead of copying resources
[0.767s] -- Configuring done
[0.770s] -- Generating done
[0.771s] -- Build files have been written to: /root/ros2_ws/build/rm65_moveit_config
[0.781s] Invoked command in '/root/ros2_ws/build/rm65_moveit_config' returned '0': CMAKE_PREFIX_PATH=/root/ros2_ws/install/rm65_description:/root/ros2_ws/install/rm65_planner:/root/ros2_ws/install/rm65_moveit_config:/root/ros2_ws/install/rm65_control:/opt/ros/humble /usr/bin/cmake /root/ros2_ws/src/rm65_moveit_config -DAMENT_CMAKE_SYMLINK_INSTALL=1 -DCMAKE_INSTALL_PREFIX=/root/ros2_ws/install/rm65_moveit_config
[0.785s] Invoking command in '/root/ros2_ws/build/rm65_moveit_config': CMAKE_PREFIX_PATH=/root/ros2_ws/install/rm65_description:/root/ros2_ws/install/rm65_planner:/root/ros2_ws/install/rm65_moveit_config:/root/ros2_ws/install/rm65_control:/opt/ros/humble /usr/bin/cmake --build /root/ros2_ws/build/rm65_moveit_config -- -j6 -l6
[0.830s] Invoked command in '/root/ros2_ws/build/rm65_moveit_config' returned '0': CMAKE_PREFIX_PATH=/root/ros2_ws/install/rm65_description:/root/ros2_ws/install/rm65_planner:/root/ros2_ws/install/rm65_moveit_config:/root/ros2_ws/install/rm65_control:/opt/ros/humble /usr/bin/cmake --build /root/ros2_ws/build/rm65_moveit_config -- -j6 -l6
[0.838s] Invoking command in '/root/ros2_ws/build/rm65_moveit_config': CMAKE_PREFIX_PATH=/root/ros2_ws/install/rm65_description:/root/ros2_ws/install/rm65_planner:/root/ros2_ws/install/rm65_moveit_config:/root/ros2_ws/install/rm65_control:/opt/ros/humble /usr/bin/cmake --install /root/ros2_ws/build/rm65_moveit_config
[0.845s] -- Install configuration: ""
[0.845s] -- Execute custom install script
[0.845s] -- Symlinking: /root/ros2_ws/install/rm65_moveit_config/share/ament_index/resource_index/package_run_dependencies/rm65_moveit_config
[0.859s] -- Symlinking: /root/ros2_ws/install/rm65_moveit_config/share/ament_index/resource_index/parent_prefix_path/rm65_moveit_config
[0.868s] -- Symlinking: /root/ros2_ws/install/rm65_moveit_config/share/rm65_moveit_config/environment/ament_prefix_path.sh
[0.878s] -- Symlinking: /root/ros2_ws/install/rm65_moveit_config/share/rm65_moveit_config/environment/ament_prefix_path.dsv
[0.888s] -- Symlinking: /root/ros2_ws/install/rm65_moveit_config/share/rm65_moveit_config/environment/path.sh
[0.900s] -- Symlinking: /root/ros2_ws/install/rm65_moveit_config/share/rm65_moveit_config/environment/path.dsv
[0.907s] -- Symlinking: /root/ros2_ws/install/rm65_moveit_config/share/rm65_moveit_config/local_setup.bash
[0.915s] -- Symlinking: /root/ros2_ws/install/rm65_moveit_config/share/rm65_moveit_config/local_setup.sh
[0.925s] -- Symlinking: /root/ros2_ws/install/rm65_moveit_config/share/rm65_moveit_config/local_setup.zsh
[0.936s] -- Symlinking: /root/ros2_ws/install/rm65_moveit_config/share/rm65_moveit_config/local_setup.dsv
[0.948s] -- Symlinking: /root/ros2_ws/install/rm65_moveit_config/share/rm65_moveit_config/package.dsv
[0.958s] -- Symlinking: /root/ros2_ws/install/rm65_moveit_config/share/ament_index/resource_index/packages/rm65_moveit_config
[0.968s] -- Symlinking: /root/ros2_ws/install/rm65_moveit_config/share/rm65_moveit_config/cmake/rm65_moveit_configConfig.cmake
[0.985s] -- Symlinking: /root/ros2_ws/install/rm65_moveit_config/share/rm65_moveit_config/cmake/rm65_moveit_configConfig-version.cmake
[0.988s] -- Symlinking: /root/ros2_ws/install/rm65_moveit_config/share/rm65_moveit_config/package.xml
[0.999s] -- Symlinking: /root/ros2_ws/install/rm65_moveit_config/share/rm65_moveit_config/launch/demo.launch.py
[1.009s] -- Symlinking: /root/ros2_ws/install/rm65_moveit_config/share/rm65_moveit_config/launch/move_group.launch.py
[1.024s] -- Symlinking: /root/ros2_ws/install/rm65_moveit_config/share/rm65_moveit_config/launch/moveit_rviz.launch.py
[1.039s] -- Symlinking: /root/ros2_ws/install/rm65_moveit_config/share/rm65_moveit_config/launch/rsp.launch.py
[1.050s] -- Symlinking: /root/ros2_ws/install/rm65_moveit_config/share/rm65_moveit_config/launch/setup_assistant.launch.py
[1.059s] -- Symlinking: /root/ros2_ws/install/rm65_moveit_config/share/rm65_moveit_config/launch/spawn_controllers.launch.py
[1.069s] -- Symlinking: /root/ros2_ws/install/rm65_moveit_config/share/rm65_moveit_config/launch/static_virtual_joint_tfs.launch.py
[1.079s] -- Symlinking: /root/ros2_ws/install/rm65_moveit_config/share/rm65_moveit_config/launch/warehouse_db.launch.py
[1.088s] -- Symlinking: /root/ros2_ws/install/rm65_moveit_config/share/rm65_moveit_config/config/initial_positions.yaml
[1.098s] -- Symlinking: /root/ros2_ws/install/rm65_moveit_config/share/rm65_moveit_config/config/joint_limits.yaml
[1.107s] -- Symlinking: /root/ros2_ws/install/rm65_moveit_config/share/rm65_moveit_config/config/kinematics.yaml
[1.116s] -- Symlinking: /root/ros2_ws/install/rm65_moveit_config/share/rm65_moveit_config/config/moveit.rviz
[1.125s] -- Symlinking: /root/ros2_ws/install/rm65_moveit_config/share/rm65_moveit_config/config/moveit_controllers.yaml
[1.134s] -- Symlinking: /root/ros2_ws/install/rm65_moveit_config/share/rm65_moveit_config/config/pilz_cartesian_limits.yaml
[1.146s] -- Symlinking: /root/ros2_ws/install/rm65_moveit_config/share/rm65_moveit_config/config/rm65.ros2_control.xacro
[1.155s] -- Symlinking: /root/ros2_ws/install/rm65_moveit_config/share/rm65_moveit_config/config/rm65.srdf
[1.166s] -- Symlinking: /root/ros2_ws/install/rm65_moveit_config/share/rm65_moveit_config/config/rm65.urdf.xacro
[1.176s] -- Symlinking: /root/ros2_ws/install/rm65_moveit_config/share/rm65_moveit_config/config/ros2_controllers.yaml
[1.186s] -- Symlinking: /root/ros2_ws/install/rm65_moveit_config/share/rm65_moveit_config/.setup_assistant
[1.197s] Invoked command in '/root/ros2_ws/build/rm65_moveit_config' returned '0': CMAKE_PREFIX_PATH=/root/ros2_ws/install/rm65_description:/root/ros2_ws/install/rm65_planner:/root/ros2_ws/install/rm65_moveit_config:/root/ros2_ws/install/rm65_control:/opt/ros/humble /usr/bin/cmake --install /root/ros2_ws/build/rm65_moveit_config
