[0.013s] Invoking command in '/root/ros2_ws/build/rm65_description': CMAKE_PREFIX_PATH=${CMAKE_PREFIX_PATH}:/opt/ros/humble /usr/bin/cmake /root/ros2_ws/src/rm65_description -DAMENT_CMAKE_SYMLINK_INSTALL=1 -DCMAKE_INSTALL_PREFIX=/root/ros2_ws/install/rm65_description
[0.077s] -- The C compiler identification is GNU 11.4.0
[0.163s] -- The CXX compiler identification is GNU 11.4.0
[0.171s] -- Detecting C compiler ABI info
[0.246s] -- Detecting C compiler ABI info - done
[0.254s] -- Check for working C compiler: /usr/bin/cc - skipped
[0.255s] -- Detecting C compile features
[0.255s] -- Detecting C compile features - done
[0.259s] -- Detecting CXX compiler ABI info
[0.340s] -- Detecting CXX compiler ABI info - done
[0.350s] -- Check for working CXX compiler: /usr/bin/c++ - skipped
[0.350s] -- Detecting CXX compile features
[0.350s] -- Detecting CXX compile features - done
[0.353s] -- Found ament_cmake: 1.3.12 (/opt/ros/humble/share/ament_cmake/cmake)
[0.516s] -- Found Python3: /usr/bin/python3 (found version "3.10.12") found components: Interpreter 
[0.587s] -- Override CMake install command with custom implementation using symlinks instead of copying resources
[0.737s] -- Configuring done
[0.737s] -- Generating done
[0.740s] -- Build files have been written to: /root/ros2_ws/build/rm65_description
[0.743s] Invoked command in '/root/ros2_ws/build/rm65_description' returned '0': CMAKE_PREFIX_PATH=${CMAKE_PREFIX_PATH}:/opt/ros/humble /usr/bin/cmake /root/ros2_ws/src/rm65_description -DAMENT_CMAKE_SYMLINK_INSTALL=1 -DCMAKE_INSTALL_PREFIX=/root/ros2_ws/install/rm65_description
[0.746s] Invoking command in '/root/ros2_ws/build/rm65_description': CMAKE_PREFIX_PATH=${CMAKE_PREFIX_PATH}:/opt/ros/humble /usr/bin/cmake --build /root/ros2_ws/build/rm65_description -- -j6 -l6
[0.793s] Invoked command in '/root/ros2_ws/build/rm65_description' returned '0': CMAKE_PREFIX_PATH=${CMAKE_PREFIX_PATH}:/opt/ros/humble /usr/bin/cmake --build /root/ros2_ws/build/rm65_description -- -j6 -l6
[0.805s] Invoking command in '/root/ros2_ws/build/rm65_description': CMAKE_PREFIX_PATH=${CMAKE_PREFIX_PATH}:/opt/ros/humble /usr/bin/cmake --install /root/ros2_ws/build/rm65_description
[0.814s] -- Install configuration: ""
[0.814s] -- Execute custom install script
[0.814s] -- Symlinking: /root/ros2_ws/install/rm65_description/share/rm65_description/urdf/rm_65_6f_description.csv
[0.823s] -- Symlinking: /root/ros2_ws/install/rm65_description/share/rm65_description/urdf/rm_65_6f_description.urdf
[0.832s] -- Symlinking: /root/ros2_ws/install/rm65_description/share/rm65_description/meshes/Link1.STL
[0.841s] -- Symlinking: /root/ros2_ws/install/rm65_description/share/rm65_description/meshes/Link2.STL
[0.852s] -- Symlinking: /root/ros2_ws/install/rm65_description/share/rm65_description/meshes/Link3.STL
[0.860s] -- Symlinking: /root/ros2_ws/install/rm65_description/share/rm65_description/meshes/Link4.STL
[0.873s] -- Symlinking: /root/ros2_ws/install/rm65_description/share/rm65_description/meshes/Link5.STL
[0.884s] -- Symlinking: /root/ros2_ws/install/rm65_description/share/rm65_description/meshes/Link6.STL
[0.892s] -- Symlinking: /root/ros2_ws/install/rm65_description/share/rm65_description/meshes/base_link.STL
[0.902s] -- Symlinking: /root/ros2_ws/install/rm65_description/share/rm65_description/launch/display.launch
[0.912s] -- Symlinking: /root/ros2_ws/install/rm65_description/share/rm65_description/launch/display.launch.py
[0.921s] -- Symlinking: /root/ros2_ws/install/rm65_description/share/rm65_description/launch/gazebo.launch
[0.931s] -- Symlinking: /root/ros2_ws/install/rm65_description/share/rm65_description/config/joint_names_rm_65_6f_description.yaml
[0.939s] -- Symlinking: /root/ros2_ws/install/rm65_description/share/ament_index/resource_index/package_run_dependencies/rm65_description
[0.950s] -- Symlinking: /root/ros2_ws/install/rm65_description/share/ament_index/resource_index/parent_prefix_path/rm65_description
[0.960s] -- Symlinking: /root/ros2_ws/install/rm65_description/share/rm65_description/environment/ament_prefix_path.sh
[0.971s] -- Symlinking: /root/ros2_ws/install/rm65_description/share/rm65_description/environment/ament_prefix_path.dsv
[0.982s] -- Symlinking: /root/ros2_ws/install/rm65_description/share/rm65_description/environment/path.sh
[0.992s] -- Symlinking: /root/ros2_ws/install/rm65_description/share/rm65_description/environment/path.dsv
[1.005s] -- Symlinking: /root/ros2_ws/install/rm65_description/share/rm65_description/local_setup.bash
[1.014s] -- Symlinking: /root/ros2_ws/install/rm65_description/share/rm65_description/local_setup.sh
[1.023s] -- Symlinking: /root/ros2_ws/install/rm65_description/share/rm65_description/local_setup.zsh
[1.034s] -- Symlinking: /root/ros2_ws/install/rm65_description/share/rm65_description/local_setup.dsv
[1.043s] -- Symlinking: /root/ros2_ws/install/rm65_description/share/rm65_description/package.dsv
[1.056s] -- Symlinking: /root/ros2_ws/install/rm65_description/share/ament_index/resource_index/packages/rm65_description
[1.067s] -- Symlinking: /root/ros2_ws/install/rm65_description/share/rm65_description/cmake/rm65_descriptionConfig.cmake
[1.079s] -- Symlinking: /root/ros2_ws/install/rm65_description/share/rm65_description/cmake/rm65_descriptionConfig-version.cmake
[1.089s] -- Symlinking: /root/ros2_ws/install/rm65_description/share/rm65_description/package.xml
[1.101s] Invoked command in '/root/ros2_ws/build/rm65_description' returned '0': CMAKE_PREFIX_PATH=${CMAKE_PREFIX_PATH}:/opt/ros/humble /usr/bin/cmake --install /root/ros2_ws/build/rm65_description
