-- The C compiler identification is GNU 11.4.0
-- The CXX compiler identification is GNU 11.4.0
-- Detecting C compiler ABI info
-- Detecting C compiler ABI info - done
-- Check for working C compiler: /usr/bin/cc - skipped
-- Detecting C compile features
-- Detecting C compile features - done
-- Detecting CXX compiler ABI info
-- Detecting CXX compiler ABI info - done
-- Check for working CXX compiler: /usr/bin/c++ - skipped
-- Detecting CXX compile features
-- Detecting CXX compile features - done
-- Found ament_cmake: 1.3.12 (/opt/ros/humble/share/ament_cmake/cmake)
-- Found Python3: /usr/bin/python3 (found version "3.10.12") found components: Interpreter 
-- Override CMake install command with custom implementation using symlinks instead of copying resources
-- Configuring done
-- Generating done
-- Build files have been written to: /root/ros2_ws/build/rm65_control
-- Install configuration: ""
-- Execute custom install script
-- Symlinking: /root/ros2_ws/install/rm65_control/share/rm65_control/ros2_controllers.yaml
-- Symlinking: /root/ros2_ws/install/rm65_control/share/rm65_control/launch/rm65_controllers.launch.py
-- Symlinking: /root/ros2_ws/install/rm65_control/share/ament_index/resource_index/package_run_dependencies/rm65_control
-- Symlinking: /root/ros2_ws/install/rm65_control/share/ament_index/resource_index/parent_prefix_path/rm65_control
-- Symlinking: /root/ros2_ws/install/rm65_control/share/rm65_control/environment/ament_prefix_path.sh
-- Symlinking: /root/ros2_ws/install/rm65_control/share/rm65_control/environment/ament_prefix_path.dsv
-- Symlinking: /root/ros2_ws/install/rm65_control/share/rm65_control/environment/path.sh
-- Symlinking: /root/ros2_ws/install/rm65_control/share/rm65_control/environment/path.dsv
-- Symlinking: /root/ros2_ws/install/rm65_control/share/rm65_control/local_setup.bash
-- Symlinking: /root/ros2_ws/install/rm65_control/share/rm65_control/local_setup.sh
-- Symlinking: /root/ros2_ws/install/rm65_control/share/rm65_control/local_setup.zsh
-- Symlinking: /root/ros2_ws/install/rm65_control/share/rm65_control/local_setup.dsv
-- Symlinking: /root/ros2_ws/install/rm65_control/share/rm65_control/package.dsv
-- Symlinking: /root/ros2_ws/install/rm65_control/share/ament_index/resource_index/packages/rm65_control
-- Symlinking: /root/ros2_ws/install/rm65_control/share/rm65_control/cmake/rm65_controlConfig.cmake
-- Symlinking: /root/ros2_ws/install/rm65_control/share/rm65_control/cmake/rm65_controlConfig-version.cmake
-- Symlinking: /root/ros2_ws/install/rm65_control/share/rm65_control/package.xml
