[0.105s] DEBUG:colcon:Command line arguments: ['/usr/bin/colcon', 'build', '--symlink-install']
[0.105s] DEBUG:colcon:Parsed command line arguments: Namespace(log_base=None, log_level=None, verb_name='build', build_base='build', install_base='install', merge_install=False, symlink_install=True, test_result_base=None, continue_on_error=False, executor='parallel', parallel_workers=6, event_handlers=None, ignore_user_meta=False, metas=['./colcon.meta'], base_paths=['.'], packages_ignore=None, packages_ignore_regex=None, paths=None, packages_up_to=None, packages_up_to_regex=None, packages_above=None, packages_above_and_dependencies=None, packages_above_depth=None, packages_select_by_dep=None, packages_skip_by_dep=None, packages_skip_up_to=None, packages_select_build_failed=False, packages_skip_build_finished=False, packages_select_test_failures=False, packages_skip_test_passed=False, packages_select=None, packages_skip=None, packages_select_regex=None, packages_skip_regex=None, packages_start=None, packages_end=None, allow_overriding=[], cmake_args=None, cmake_target=None, cmake_target_skip_unavailable=False, cmake_clean_cache=False, cmake_clean_first=False, cmake_force_configure=False, ament_cmake_args=None, catkin_cmake_args=None, catkin_skip_building_tests=False, verb_parser=<colcon_defaults.argument_parser.defaults.DefaultArgumentsDecorator object at 0x7df129c54550>, verb_extension=<colcon_core.verb.build.BuildVerb object at 0x7df129d66080>, main=<bound method BuildVerb.main of <colcon_core.verb.build.BuildVerb object at 0x7df129d66080>>)
[0.269s] Level 1:colcon.colcon_core.package_discovery:discover_packages(colcon_meta) check parameters
[0.270s] Level 1:colcon.colcon_core.package_discovery:discover_packages(recursive) check parameters
[0.270s] Level 1:colcon.colcon_core.package_discovery:discover_packages(ignore) check parameters
[0.270s] Level 1:colcon.colcon_core.package_discovery:discover_packages(path) check parameters
[0.270s] Level 1:colcon.colcon_core.package_discovery:discover_packages(colcon_meta) discover
[0.270s] Level 1:colcon.colcon_core.package_discovery:discover_packages(recursive) discover
[0.270s] INFO:colcon.colcon_core.package_discovery:Crawling recursively for packages in '/root/ros2_ws'
[0.270s] Level 1:colcon.colcon_core.package_identification:_identify(.) by extensions ['ignore', 'ignore_ament_install']
[0.270s] Level 1:colcon.colcon_core.package_identification:_identify(.) by extension 'ignore'
[0.270s] Level 1:colcon.colcon_core.package_identification:_identify(.) by extension 'ignore_ament_install'
[0.270s] Level 1:colcon.colcon_core.package_identification:_identify(.) by extensions ['colcon_pkg']
[0.270s] Level 1:colcon.colcon_core.package_identification:_identify(.) by extension 'colcon_pkg'
[0.270s] Level 1:colcon.colcon_core.package_identification:_identify(.) by extensions ['colcon_meta']
[0.270s] Level 1:colcon.colcon_core.package_identification:_identify(.) by extension 'colcon_meta'
[0.270s] Level 1:colcon.colcon_core.package_identification:_identify(.) by extensions ['ros']
[0.270s] Level 1:colcon.colcon_core.package_identification:_identify(.) by extension 'ros'
[0.301s] Level 1:colcon.colcon_core.package_identification:_identify(.) by extensions ['cmake', 'python']
[0.302s] Level 1:colcon.colcon_core.package_identification:_identify(.) by extension 'cmake'
[0.302s] Level 1:colcon.colcon_core.package_identification:_identify(.) by extension 'python'
[0.302s] Level 1:colcon.colcon_core.package_identification:_identify(.) by extensions ['python_setup_py']
[0.302s] Level 1:colcon.colcon_core.package_identification:_identify(.) by extension 'python_setup_py'
[0.302s] Level 1:colcon.colcon_core.package_identification:_identify(build) by extensions ['ignore', 'ignore_ament_install']
[0.302s] Level 1:colcon.colcon_core.package_identification:_identify(build) by extension 'ignore'
[0.302s] Level 1:colcon.colcon_core.package_identification:_identify(build) ignored
[0.302s] Level 1:colcon.colcon_core.package_identification:_identify(install) by extensions ['ignore', 'ignore_ament_install']
[0.302s] Level 1:colcon.colcon_core.package_identification:_identify(install) by extension 'ignore'
[0.302s] Level 1:colcon.colcon_core.package_identification:_identify(install) ignored
[0.302s] Level 1:colcon.colcon_core.package_identification:_identify(log) by extensions ['ignore', 'ignore_ament_install']
[0.302s] Level 1:colcon.colcon_core.package_identification:_identify(log) by extension 'ignore'
[0.302s] Level 1:colcon.colcon_core.package_identification:_identify(log) ignored
[0.303s] Level 1:colcon.colcon_core.package_identification:_identify(src) by extensions ['ignore', 'ignore_ament_install']
[0.303s] Level 1:colcon.colcon_core.package_identification:_identify(src) by extension 'ignore'
[0.303s] Level 1:colcon.colcon_core.package_identification:_identify(src) by extension 'ignore_ament_install'
[0.303s] Level 1:colcon.colcon_core.package_identification:_identify(src) by extensions ['colcon_pkg']
[0.303s] Level 1:colcon.colcon_core.package_identification:_identify(src) by extension 'colcon_pkg'
[0.303s] Level 1:colcon.colcon_core.package_identification:_identify(src) by extensions ['colcon_meta']
[0.303s] Level 1:colcon.colcon_core.package_identification:_identify(src) by extension 'colcon_meta'
[0.303s] Level 1:colcon.colcon_core.package_identification:_identify(src) by extensions ['ros']
[0.303s] Level 1:colcon.colcon_core.package_identification:_identify(src) by extension 'ros'
[0.303s] Level 1:colcon.colcon_core.package_identification:_identify(src) by extensions ['cmake', 'python']
[0.303s] Level 1:colcon.colcon_core.package_identification:_identify(src) by extension 'cmake'
[0.303s] Level 1:colcon.colcon_core.package_identification:_identify(src) by extension 'python'
[0.303s] Level 1:colcon.colcon_core.package_identification:_identify(src) by extensions ['python_setup_py']
[0.303s] Level 1:colcon.colcon_core.package_identification:_identify(src) by extension 'python_setup_py'
[0.303s] Level 1:colcon.colcon_core.package_identification:_identify(src/rm65_control) by extensions ['ignore', 'ignore_ament_install']
[0.303s] Level 1:colcon.colcon_core.package_identification:_identify(src/rm65_control) by extension 'ignore'
[0.304s] Level 1:colcon.colcon_core.package_identification:_identify(src/rm65_control) by extension 'ignore_ament_install'
[0.304s] Level 1:colcon.colcon_core.package_identification:_identify(src/rm65_control) by extensions ['colcon_pkg']
[0.304s] Level 1:colcon.colcon_core.package_identification:_identify(src/rm65_control) by extension 'colcon_pkg'
[0.304s] Level 1:colcon.colcon_core.package_identification:_identify(src/rm65_control) by extensions ['colcon_meta']
[0.304s] Level 1:colcon.colcon_core.package_identification:_identify(src/rm65_control) by extension 'colcon_meta'
[0.304s] Level 1:colcon.colcon_core.package_identification:_identify(src/rm65_control) by extensions ['ros']
[0.304s] Level 1:colcon.colcon_core.package_identification:_identify(src/rm65_control) by extension 'ros'
[0.306s] DEBUG:colcon.colcon_core.package_identification:Package 'src/rm65_control' with type 'ros.ament_cmake' and name 'rm65_control'
[0.306s] Level 1:colcon.colcon_core.package_identification:_identify(src/rm65_description) by extensions ['ignore', 'ignore_ament_install']
[0.306s] Level 1:colcon.colcon_core.package_identification:_identify(src/rm65_description) by extension 'ignore'
[0.307s] Level 1:colcon.colcon_core.package_identification:_identify(src/rm65_description) by extension 'ignore_ament_install'
[0.307s] Level 1:colcon.colcon_core.package_identification:_identify(src/rm65_description) by extensions ['colcon_pkg']
[0.307s] Level 1:colcon.colcon_core.package_identification:_identify(src/rm65_description) by extension 'colcon_pkg'
[0.307s] Level 1:colcon.colcon_core.package_identification:_identify(src/rm65_description) by extensions ['colcon_meta']
[0.307s] Level 1:colcon.colcon_core.package_identification:_identify(src/rm65_description) by extension 'colcon_meta'
[0.307s] Level 1:colcon.colcon_core.package_identification:_identify(src/rm65_description) by extensions ['ros']
[0.307s] Level 1:colcon.colcon_core.package_identification:_identify(src/rm65_description) by extension 'ros'
[0.307s] DEBUG:colcon.colcon_core.package_identification:Package 'src/rm65_description' with type 'ros.ament_cmake' and name 'rm65_description'
[0.307s] Level 1:colcon.colcon_core.package_identification:_identify(src/rm65_moveit_config) by extensions ['ignore', 'ignore_ament_install']
[0.307s] Level 1:colcon.colcon_core.package_identification:_identify(src/rm65_moveit_config) by extension 'ignore'
[0.308s] Level 1:colcon.colcon_core.package_identification:_identify(src/rm65_moveit_config) by extension 'ignore_ament_install'
[0.308s] Level 1:colcon.colcon_core.package_identification:_identify(src/rm65_moveit_config) by extensions ['colcon_pkg']
[0.308s] Level 1:colcon.colcon_core.package_identification:_identify(src/rm65_moveit_config) by extension 'colcon_pkg'
[0.308s] Level 1:colcon.colcon_core.package_identification:_identify(src/rm65_moveit_config) by extensions ['colcon_meta']
[0.308s] Level 1:colcon.colcon_core.package_identification:_identify(src/rm65_moveit_config) by extension 'colcon_meta'
[0.308s] Level 1:colcon.colcon_core.package_identification:_identify(src/rm65_moveit_config) by extensions ['ros']
[0.308s] Level 1:colcon.colcon_core.package_identification:_identify(src/rm65_moveit_config) by extension 'ros'
[0.309s] DEBUG:colcon.colcon_core.package_identification:Package 'src/rm65_moveit_config' with type 'ros.ament_cmake' and name 'rm65_moveit_config'
[0.309s] Level 1:colcon.colcon_core.package_identification:_identify(src/rm65_planner) by extensions ['ignore', 'ignore_ament_install']
[0.309s] Level 1:colcon.colcon_core.package_identification:_identify(src/rm65_planner) by extension 'ignore'
[0.309s] Level 1:colcon.colcon_core.package_identification:_identify(src/rm65_planner) by extension 'ignore_ament_install'
[0.309s] Level 1:colcon.colcon_core.package_identification:_identify(src/rm65_planner) by extensions ['colcon_pkg']
[0.309s] Level 1:colcon.colcon_core.package_identification:_identify(src/rm65_planner) by extension 'colcon_pkg'
[0.309s] Level 1:colcon.colcon_core.package_identification:_identify(src/rm65_planner) by extensions ['colcon_meta']
[0.309s] Level 1:colcon.colcon_core.package_identification:_identify(src/rm65_planner) by extension 'colcon_meta'
[0.309s] Level 1:colcon.colcon_core.package_identification:_identify(src/rm65_planner) by extensions ['ros']
[0.309s] Level 1:colcon.colcon_core.package_identification:_identify(src/rm65_planner) by extension 'ros'
[0.310s] DEBUG:colcon.colcon_core.package_identification:Package 'src/rm65_planner' with type 'ros.ament_cmake' and name 'rm65_planner'
[0.310s] Level 1:colcon.colcon_core.package_discovery:discover_packages(recursive) using defaults
[0.310s] Level 1:colcon.colcon_core.package_discovery:discover_packages(ignore) discover
[0.310s] Level 1:colcon.colcon_core.package_discovery:discover_packages(ignore) using defaults
[0.310s] Level 1:colcon.colcon_core.package_discovery:discover_packages(path) discover
[0.310s] Level 1:colcon.colcon_core.package_discovery:discover_packages(path) using defaults
[0.330s] Level 1:colcon.colcon_core.package_discovery:discover_packages(prefix_path) check parameters
[0.330s] Level 1:colcon.colcon_core.package_discovery:discover_packages(prefix_path) discover
[0.331s] WARNING:colcon.colcon_ros.prefix_path.ament:The path '/root/ros2_ws/install/rm65_planner' in the environment variable AMENT_PREFIX_PATH doesn't exist
[0.331s] WARNING:colcon.colcon_ros.prefix_path.ament:The path '/root/ros2_ws/install/rm65_moveit_config' in the environment variable AMENT_PREFIX_PATH doesn't exist
[0.331s] WARNING:colcon.colcon_ros.prefix_path.ament:The path '/root/ros2_ws/install/rm65_control' in the environment variable AMENT_PREFIX_PATH doesn't exist
[0.331s] WARNING:colcon.colcon_ros.prefix_path.ament:The path '/root/ros2_ws/install/rm65_description' in the environment variable AMENT_PREFIX_PATH doesn't exist
[0.331s] WARNING:colcon.colcon_ros.prefix_path.catkin:The path '/root/ros2_ws/install/rm65_planner' in the environment variable CMAKE_PREFIX_PATH doesn't exist
[0.331s] WARNING:colcon.colcon_ros.prefix_path.catkin:The path '/root/ros2_ws/install/rm65_moveit_config' in the environment variable CMAKE_PREFIX_PATH doesn't exist
[0.331s] WARNING:colcon.colcon_ros.prefix_path.catkin:The path '/root/ros2_ws/install/rm65_control' in the environment variable CMAKE_PREFIX_PATH doesn't exist
[0.331s] WARNING:colcon.colcon_ros.prefix_path.catkin:The path '/root/ros2_ws/install/rm65_description' in the environment variable CMAKE_PREFIX_PATH doesn't exist
[0.332s] DEBUG:colcon.colcon_installed_package_information.package_discovery:Found 0 installed packages in /root/ros2_ws/install
[0.334s] DEBUG:colcon.colcon_installed_package_information.package_discovery:Found 393 installed packages in /opt/ros/humble
[0.337s] Level 1:colcon.colcon_core.package_discovery:discover_packages(prefix_path) using defaults
[0.394s] Level 5:colcon.colcon_core.verb:set package 'rm65_description' build argument 'cmake_args' from command line to 'None'
[0.394s] Level 5:colcon.colcon_core.verb:set package 'rm65_description' build argument 'cmake_target' from command line to 'None'
[0.394s] Level 5:colcon.colcon_core.verb:set package 'rm65_description' build argument 'cmake_target_skip_unavailable' from command line to 'False'
[0.394s] Level 5:colcon.colcon_core.verb:set package 'rm65_description' build argument 'cmake_clean_cache' from command line to 'False'
[0.394s] Level 5:colcon.colcon_core.verb:set package 'rm65_description' build argument 'cmake_clean_first' from command line to 'False'
[0.394s] Level 5:colcon.colcon_core.verb:set package 'rm65_description' build argument 'cmake_force_configure' from command line to 'False'
[0.394s] Level 5:colcon.colcon_core.verb:set package 'rm65_description' build argument 'ament_cmake_args' from command line to 'None'
[0.394s] Level 5:colcon.colcon_core.verb:set package 'rm65_description' build argument 'catkin_cmake_args' from command line to 'None'
[0.394s] Level 5:colcon.colcon_core.verb:set package 'rm65_description' build argument 'catkin_skip_building_tests' from command line to 'False'
[0.394s] DEBUG:colcon.colcon_core.verb:Building package 'rm65_description' with the following arguments: {'ament_cmake_args': None, 'build_base': '/root/ros2_ws/build/rm65_description', 'catkin_cmake_args': None, 'catkin_skip_building_tests': False, 'cmake_args': None, 'cmake_clean_cache': False, 'cmake_clean_first': False, 'cmake_force_configure': False, 'cmake_target': None, 'cmake_target_skip_unavailable': False, 'install_base': '/root/ros2_ws/install/rm65_description', 'merge_install': False, 'path': '/root/ros2_ws/src/rm65_description', 'symlink_install': True, 'test_result_base': None}
[0.395s] Level 5:colcon.colcon_core.verb:set package 'rm65_planner' build argument 'cmake_args' from command line to 'None'
[0.395s] Level 5:colcon.colcon_core.verb:set package 'rm65_planner' build argument 'cmake_target' from command line to 'None'
[0.395s] Level 5:colcon.colcon_core.verb:set package 'rm65_planner' build argument 'cmake_target_skip_unavailable' from command line to 'False'
[0.395s] Level 5:colcon.colcon_core.verb:set package 'rm65_planner' build argument 'cmake_clean_cache' from command line to 'False'
[0.395s] Level 5:colcon.colcon_core.verb:set package 'rm65_planner' build argument 'cmake_clean_first' from command line to 'False'
[0.395s] Level 5:colcon.colcon_core.verb:set package 'rm65_planner' build argument 'cmake_force_configure' from command line to 'False'
[0.395s] Level 5:colcon.colcon_core.verb:set package 'rm65_planner' build argument 'ament_cmake_args' from command line to 'None'
[0.395s] Level 5:colcon.colcon_core.verb:set package 'rm65_planner' build argument 'catkin_cmake_args' from command line to 'None'
[0.395s] Level 5:colcon.colcon_core.verb:set package 'rm65_planner' build argument 'catkin_skip_building_tests' from command line to 'False'
[0.395s] DEBUG:colcon.colcon_core.verb:Building package 'rm65_planner' with the following arguments: {'ament_cmake_args': None, 'build_base': '/root/ros2_ws/build/rm65_planner', 'catkin_cmake_args': None, 'catkin_skip_building_tests': False, 'cmake_args': None, 'cmake_clean_cache': False, 'cmake_clean_first': False, 'cmake_force_configure': False, 'cmake_target': None, 'cmake_target_skip_unavailable': False, 'install_base': '/root/ros2_ws/install/rm65_planner', 'merge_install': False, 'path': '/root/ros2_ws/src/rm65_planner', 'symlink_install': True, 'test_result_base': None}
[0.395s] Level 5:colcon.colcon_core.verb:set package 'rm65_control' build argument 'cmake_args' from command line to 'None'
[0.395s] Level 5:colcon.colcon_core.verb:set package 'rm65_control' build argument 'cmake_target' from command line to 'None'
[0.395s] Level 5:colcon.colcon_core.verb:set package 'rm65_control' build argument 'cmake_target_skip_unavailable' from command line to 'False'
[0.395s] Level 5:colcon.colcon_core.verb:set package 'rm65_control' build argument 'cmake_clean_cache' from command line to 'False'
[0.395s] Level 5:colcon.colcon_core.verb:set package 'rm65_control' build argument 'cmake_clean_first' from command line to 'False'
[0.395s] Level 5:colcon.colcon_core.verb:set package 'rm65_control' build argument 'cmake_force_configure' from command line to 'False'
[0.395s] Level 5:colcon.colcon_core.verb:set package 'rm65_control' build argument 'ament_cmake_args' from command line to 'None'
[0.395s] Level 5:colcon.colcon_core.verb:set package 'rm65_control' build argument 'catkin_cmake_args' from command line to 'None'
[0.395s] Level 5:colcon.colcon_core.verb:set package 'rm65_control' build argument 'catkin_skip_building_tests' from command line to 'False'
[0.396s] DEBUG:colcon.colcon_core.verb:Building package 'rm65_control' with the following arguments: {'ament_cmake_args': None, 'build_base': '/root/ros2_ws/build/rm65_control', 'catkin_cmake_args': None, 'catkin_skip_building_tests': False, 'cmake_args': None, 'cmake_clean_cache': False, 'cmake_clean_first': False, 'cmake_force_configure': False, 'cmake_target': None, 'cmake_target_skip_unavailable': False, 'install_base': '/root/ros2_ws/install/rm65_control', 'merge_install': False, 'path': '/root/ros2_ws/src/rm65_control', 'symlink_install': True, 'test_result_base': None}
[0.396s] Level 5:colcon.colcon_core.verb:set package 'rm65_moveit_config' build argument 'cmake_args' from command line to 'None'
[0.396s] Level 5:colcon.colcon_core.verb:set package 'rm65_moveit_config' build argument 'cmake_target' from command line to 'None'
[0.396s] Level 5:colcon.colcon_core.verb:set package 'rm65_moveit_config' build argument 'cmake_target_skip_unavailable' from command line to 'False'
[0.396s] Level 5:colcon.colcon_core.verb:set package 'rm65_moveit_config' build argument 'cmake_clean_cache' from command line to 'False'
[0.396s] Level 5:colcon.colcon_core.verb:set package 'rm65_moveit_config' build argument 'cmake_clean_first' from command line to 'False'
[0.396s] Level 5:colcon.colcon_core.verb:set package 'rm65_moveit_config' build argument 'cmake_force_configure' from command line to 'False'
[0.396s] Level 5:colcon.colcon_core.verb:set package 'rm65_moveit_config' build argument 'ament_cmake_args' from command line to 'None'
[0.396s] Level 5:colcon.colcon_core.verb:set package 'rm65_moveit_config' build argument 'catkin_cmake_args' from command line to 'None'
[0.396s] Level 5:colcon.colcon_core.verb:set package 'rm65_moveit_config' build argument 'catkin_skip_building_tests' from command line to 'False'
[0.396s] DEBUG:colcon.colcon_core.verb:Building package 'rm65_moveit_config' with the following arguments: {'ament_cmake_args': None, 'build_base': '/root/ros2_ws/build/rm65_moveit_config', 'catkin_cmake_args': None, 'catkin_skip_building_tests': False, 'cmake_args': None, 'cmake_clean_cache': False, 'cmake_clean_first': False, 'cmake_force_configure': False, 'cmake_target': None, 'cmake_target_skip_unavailable': False, 'install_base': '/root/ros2_ws/install/rm65_moveit_config', 'merge_install': False, 'path': '/root/ros2_ws/src/rm65_moveit_config', 'symlink_install': True, 'test_result_base': None}
[0.396s] INFO:colcon.colcon_core.executor:Executing jobs using 'parallel' executor
[0.397s] DEBUG:colcon.colcon_parallel_executor.executor.parallel:run_until_complete
[0.398s] INFO:colcon.colcon_ros.task.ament_cmake.build:Building ROS package in '/root/ros2_ws/src/rm65_description' with build type 'ament_cmake'
[0.398s] INFO:colcon.colcon_cmake.task.cmake.build:Building CMake package in '/root/ros2_ws/src/rm65_description'
[0.400s] INFO:colcon.colcon_core.plugin_system:Skipping extension 'colcon_core.shell.bat': Not used on non-Windows systems
[0.400s] INFO:colcon.colcon_core.shell:Skip shell extension 'powershell' for command environment: Not usable outside of PowerShell
[0.400s] DEBUG:colcon.colcon_core.shell:Skip shell extension 'dsv' for command environment
[0.404s] INFO:colcon.colcon_ros.task.ament_cmake.build:Building ROS package in '/root/ros2_ws/src/rm65_planner' with build type 'ament_cmake'
[0.404s] INFO:colcon.colcon_cmake.task.cmake.build:Building CMake package in '/root/ros2_ws/src/rm65_planner'
[0.404s] INFO:colcon.colcon_core.shell:Skip shell extension 'powershell' for command environment: Not usable outside of PowerShell
[0.404s] DEBUG:colcon.colcon_core.shell:Skip shell extension 'dsv' for command environment
[0.411s] DEBUG:colcon.colcon_core.event_handler.log_command:Invoking command in '/root/ros2_ws/build/rm65_description': CMAKE_PREFIX_PATH=${CMAKE_PREFIX_PATH}:/opt/ros/humble /usr/bin/cmake /root/ros2_ws/src/rm65_description -DAMENT_CMAKE_SYMLINK_INSTALL=1 -DCMAKE_INSTALL_PREFIX=/root/ros2_ws/install/rm65_description
[0.418s] DEBUG:colcon.colcon_core.event_handler.log_command:Invoking command in '/root/ros2_ws/build/rm65_planner': CMAKE_PREFIX_PATH=${CMAKE_PREFIX_PATH}:/opt/ros/humble /usr/bin/cmake /root/ros2_ws/src/rm65_planner -DAMENT_CMAKE_SYMLINK_INSTALL=1 -DCMAKE_INSTALL_PREFIX=/root/ros2_ws/install/rm65_planner
[1.141s] DEBUG:colcon.colcon_core.event_handler.log_command:Invoked command in '/root/ros2_ws/build/rm65_description' returned '0': CMAKE_PREFIX_PATH=${CMAKE_PREFIX_PATH}:/opt/ros/humble /usr/bin/cmake /root/ros2_ws/src/rm65_description -DAMENT_CMAKE_SYMLINK_INSTALL=1 -DCMAKE_INSTALL_PREFIX=/root/ros2_ws/install/rm65_description
[1.144s] DEBUG:colcon.colcon_core.event_handler.log_command:Invoking command in '/root/ros2_ws/build/rm65_description': CMAKE_PREFIX_PATH=${CMAKE_PREFIX_PATH}:/opt/ros/humble /usr/bin/cmake --build /root/ros2_ws/build/rm65_description -- -j6 -l6
[1.192s] DEBUG:colcon.colcon_core.event_handler.log_command:Invoked command in '/root/ros2_ws/build/rm65_description' returned '0': CMAKE_PREFIX_PATH=${CMAKE_PREFIX_PATH}:/opt/ros/humble /usr/bin/cmake --build /root/ros2_ws/build/rm65_description -- -j6 -l6
[1.203s] DEBUG:colcon.colcon_core.event_handler.log_command:Invoking command in '/root/ros2_ws/build/rm65_description': CMAKE_PREFIX_PATH=${CMAKE_PREFIX_PATH}:/opt/ros/humble /usr/bin/cmake --install /root/ros2_ws/build/rm65_description
[1.497s] Level 1:colcon.colcon_core.environment:create_environment_scripts_only(rm65_description)
[1.499s] DEBUG:colcon.colcon_core.event_handler.log_command:Invoked command in '/root/ros2_ws/build/rm65_description' returned '0': CMAKE_PREFIX_PATH=${CMAKE_PREFIX_PATH}:/opt/ros/humble /usr/bin/cmake --install /root/ros2_ws/build/rm65_description
[1.501s] Level 1:colcon.colcon_core.environment:checking '/root/ros2_ws/install/rm65_description' for CMake module files
[1.501s] Level 1:colcon.colcon_core.environment:checking '/root/ros2_ws/install/rm65_description' for CMake config files
[1.501s] Level 1:colcon.colcon_core.shell:create_environment_hook('rm65_description', 'cmake_prefix_path')
[1.502s] INFO:colcon.colcon_core.shell:Creating environment hook '/root/ros2_ws/install/rm65_description/share/rm65_description/hook/cmake_prefix_path.ps1'
[1.502s] INFO:colcon.colcon_core.shell:Creating environment descriptor '/root/ros2_ws/install/rm65_description/share/rm65_description/hook/cmake_prefix_path.dsv'
[1.503s] INFO:colcon.colcon_core.shell:Creating environment hook '/root/ros2_ws/install/rm65_description/share/rm65_description/hook/cmake_prefix_path.sh'
[1.504s] Level 1:colcon.colcon_core.environment:checking '/root/ros2_ws/install/rm65_description/bin'
[1.504s] Level 1:colcon.colcon_core.environment:checking '/root/ros2_ws/install/rm65_description/lib/pkgconfig/rm65_description.pc'
[1.504s] Level 1:colcon.colcon_core.environment:checking '/root/ros2_ws/install/rm65_description/lib/python3.10/site-packages'
[1.504s] Level 1:colcon.colcon_core.environment:checking '/root/ros2_ws/install/rm65_description/bin'
[1.505s] INFO:colcon.colcon_core.shell:Creating package script '/root/ros2_ws/install/rm65_description/share/rm65_description/package.ps1'
[1.505s] INFO:colcon.colcon_core.shell:Creating package descriptor '/root/ros2_ws/install/rm65_description/share/rm65_description/package.dsv'
[1.506s] INFO:colcon.colcon_core.shell:Creating package script '/root/ros2_ws/install/rm65_description/share/rm65_description/package.sh'
[1.507s] INFO:colcon.colcon_core.shell:Creating package script '/root/ros2_ws/install/rm65_description/share/rm65_description/package.bash'
[1.507s] INFO:colcon.colcon_core.shell:Creating package script '/root/ros2_ws/install/rm65_description/share/rm65_description/package.zsh'
[1.508s] Level 1:colcon.colcon_core.environment:create_file_with_runtime_dependencies(/root/ros2_ws/install/rm65_description/share/colcon-core/packages/rm65_description)
[1.509s] Level 1:colcon.colcon_core.environment:create_environment_scripts_only(rm65_description)
[1.509s] Level 1:colcon.colcon_core.environment:checking '/root/ros2_ws/install/rm65_description' for CMake module files
[1.509s] Level 1:colcon.colcon_core.environment:checking '/root/ros2_ws/install/rm65_description' for CMake config files
[1.510s] Level 1:colcon.colcon_core.shell:create_environment_hook('rm65_description', 'cmake_prefix_path')
[1.510s] INFO:colcon.colcon_core.shell:Creating environment hook '/root/ros2_ws/install/rm65_description/share/rm65_description/hook/cmake_prefix_path.ps1'
[1.510s] INFO:colcon.colcon_core.shell:Creating environment descriptor '/root/ros2_ws/install/rm65_description/share/rm65_description/hook/cmake_prefix_path.dsv'
[1.511s] INFO:colcon.colcon_core.shell:Creating environment hook '/root/ros2_ws/install/rm65_description/share/rm65_description/hook/cmake_prefix_path.sh'
[1.511s] Level 1:colcon.colcon_core.environment:checking '/root/ros2_ws/install/rm65_description/bin'
[1.511s] Level 1:colcon.colcon_core.environment:checking '/root/ros2_ws/install/rm65_description/lib/pkgconfig/rm65_description.pc'
[1.512s] Level 1:colcon.colcon_core.environment:checking '/root/ros2_ws/install/rm65_description/lib/python3.10/site-packages'
[1.512s] Level 1:colcon.colcon_core.environment:checking '/root/ros2_ws/install/rm65_description/bin'
[1.512s] INFO:colcon.colcon_core.shell:Creating package script '/root/ros2_ws/install/rm65_description/share/rm65_description/package.ps1'
[1.513s] INFO:colcon.colcon_core.shell:Creating package descriptor '/root/ros2_ws/install/rm65_description/share/rm65_description/package.dsv'
[1.514s] INFO:colcon.colcon_core.shell:Creating package script '/root/ros2_ws/install/rm65_description/share/rm65_description/package.sh'
[1.515s] INFO:colcon.colcon_core.shell:Creating package script '/root/ros2_ws/install/rm65_description/share/rm65_description/package.bash'
[1.515s] INFO:colcon.colcon_core.shell:Creating package script '/root/ros2_ws/install/rm65_description/share/rm65_description/package.zsh'
[1.516s] Level 1:colcon.colcon_core.environment:create_file_with_runtime_dependencies(/root/ros2_ws/install/rm65_description/share/colcon-core/packages/rm65_description)
[1.517s] INFO:colcon.colcon_ros.task.ament_cmake.build:Building ROS package in '/root/ros2_ws/src/rm65_control' with build type 'ament_cmake'
[1.517s] INFO:colcon.colcon_cmake.task.cmake.build:Building CMake package in '/root/ros2_ws/src/rm65_control'
[1.517s] INFO:colcon.colcon_core.shell:Skip shell extension 'powershell' for command environment: Not usable outside of PowerShell
[1.517s] DEBUG:colcon.colcon_core.shell:Skip shell extension 'dsv' for command environment
[1.522s] INFO:colcon.colcon_ros.task.ament_cmake.build:Building ROS package in '/root/ros2_ws/src/rm65_moveit_config' with build type 'ament_cmake'
[1.522s] INFO:colcon.colcon_cmake.task.cmake.build:Building CMake package in '/root/ros2_ws/src/rm65_moveit_config'
[1.522s] INFO:colcon.colcon_core.shell:Skip shell extension 'powershell' for command environment: Not usable outside of PowerShell
[1.522s] DEBUG:colcon.colcon_core.shell:Skip shell extension 'dsv' for command environment
[1.531s] DEBUG:colcon.colcon_core.event_handler.log_command:Invoking command in '/root/ros2_ws/build/rm65_control': CMAKE_PREFIX_PATH=/root/ros2_ws/install/rm65_description:/root/ros2_ws/install/rm65_planner:/root/ros2_ws/install/rm65_moveit_config:/root/ros2_ws/install/rm65_control:/opt/ros/humble /usr/bin/cmake /root/ros2_ws/src/rm65_control -DAMENT_CMAKE_SYMLINK_INSTALL=1 -DCMAKE_INSTALL_PREFIX=/root/ros2_ws/install/rm65_control
[1.534s] DEBUG:colcon.colcon_core.event_handler.log_command:Invoking command in '/root/ros2_ws/build/rm65_moveit_config': CMAKE_PREFIX_PATH=/root/ros2_ws/install/rm65_description:/root/ros2_ws/install/rm65_planner:/root/ros2_ws/install/rm65_moveit_config:/root/ros2_ws/install/rm65_control:/opt/ros/humble /usr/bin/cmake /root/ros2_ws/src/rm65_moveit_config -DAMENT_CMAKE_SYMLINK_INSTALL=1 -DCMAKE_INSTALL_PREFIX=/root/ros2_ws/install/rm65_moveit_config
[1.827s] DEBUG:colcon.colcon_core.event_handler.log_command:Invoked command in '/root/ros2_ws/build/rm65_planner' returned '0': CMAKE_PREFIX_PATH=${CMAKE_PREFIX_PATH}:/opt/ros/humble /usr/bin/cmake /root/ros2_ws/src/rm65_planner -DAMENT_CMAKE_SYMLINK_INSTALL=1 -DCMAKE_INSTALL_PREFIX=/root/ros2_ws/install/rm65_planner
[1.829s] DEBUG:colcon.colcon_core.event_handler.log_command:Invoking command in '/root/ros2_ws/build/rm65_planner': CMAKE_PREFIX_PATH=${CMAKE_PREFIX_PATH}:/opt/ros/humble /usr/bin/cmake --build /root/ros2_ws/build/rm65_planner -- -j6 -l6
[2.249s] DEBUG:colcon.colcon_core.event_handler.log_command:Invoked command in '/root/ros2_ws/build/rm65_control' returned '0': CMAKE_PREFIX_PATH=/root/ros2_ws/install/rm65_description:/root/ros2_ws/install/rm65_planner:/root/ros2_ws/install/rm65_moveit_config:/root/ros2_ws/install/rm65_control:/opt/ros/humble /usr/bin/cmake /root/ros2_ws/src/rm65_control -DAMENT_CMAKE_SYMLINK_INSTALL=1 -DCMAKE_INSTALL_PREFIX=/root/ros2_ws/install/rm65_control
[2.251s] DEBUG:colcon.colcon_core.event_handler.log_command:Invoking command in '/root/ros2_ws/build/rm65_control': CMAKE_PREFIX_PATH=/root/ros2_ws/install/rm65_description:/root/ros2_ws/install/rm65_planner:/root/ros2_ws/install/rm65_moveit_config:/root/ros2_ws/install/rm65_control:/opt/ros/humble /usr/bin/cmake --build /root/ros2_ws/build/rm65_control -- -j6 -l6
[2.295s] DEBUG:colcon.colcon_core.event_handler.log_command:Invoked command in '/root/ros2_ws/build/rm65_control' returned '0': CMAKE_PREFIX_PATH=/root/ros2_ws/install/rm65_description:/root/ros2_ws/install/rm65_planner:/root/ros2_ws/install/rm65_moveit_config:/root/ros2_ws/install/rm65_control:/opt/ros/humble /usr/bin/cmake --build /root/ros2_ws/build/rm65_control -- -j6 -l6
[2.298s] DEBUG:colcon.colcon_core.event_handler.log_command:Invoking command in '/root/ros2_ws/build/rm65_control': CMAKE_PREFIX_PATH=/root/ros2_ws/install/rm65_description:/root/ros2_ws/install/rm65_planner:/root/ros2_ws/install/rm65_moveit_config:/root/ros2_ws/install/rm65_control:/opt/ros/humble /usr/bin/cmake --install /root/ros2_ws/build/rm65_control
[2.303s] DEBUG:colcon.colcon_core.event_handler.log_command:Invoked command in '/root/ros2_ws/build/rm65_moveit_config' returned '0': CMAKE_PREFIX_PATH=/root/ros2_ws/install/rm65_description:/root/ros2_ws/install/rm65_planner:/root/ros2_ws/install/rm65_moveit_config:/root/ros2_ws/install/rm65_control:/opt/ros/humble /usr/bin/cmake /root/ros2_ws/src/rm65_moveit_config -DAMENT_CMAKE_SYMLINK_INSTALL=1 -DCMAKE_INSTALL_PREFIX=/root/ros2_ws/install/rm65_moveit_config
[2.308s] DEBUG:colcon.colcon_core.event_handler.log_command:Invoking command in '/root/ros2_ws/build/rm65_moveit_config': CMAKE_PREFIX_PATH=/root/ros2_ws/install/rm65_description:/root/ros2_ws/install/rm65_planner:/root/ros2_ws/install/rm65_moveit_config:/root/ros2_ws/install/rm65_control:/opt/ros/humble /usr/bin/cmake --build /root/ros2_ws/build/rm65_moveit_config -- -j6 -l6
[2.353s] DEBUG:colcon.colcon_core.event_handler.log_command:Invoked command in '/root/ros2_ws/build/rm65_moveit_config' returned '0': CMAKE_PREFIX_PATH=/root/ros2_ws/install/rm65_description:/root/ros2_ws/install/rm65_planner:/root/ros2_ws/install/rm65_moveit_config:/root/ros2_ws/install/rm65_control:/opt/ros/humble /usr/bin/cmake --build /root/ros2_ws/build/rm65_moveit_config -- -j6 -l6
[2.361s] DEBUG:colcon.colcon_core.event_handler.log_command:Invoking command in '/root/ros2_ws/build/rm65_moveit_config': CMAKE_PREFIX_PATH=/root/ros2_ws/install/rm65_description:/root/ros2_ws/install/rm65_planner:/root/ros2_ws/install/rm65_moveit_config:/root/ros2_ws/install/rm65_control:/opt/ros/humble /usr/bin/cmake --install /root/ros2_ws/build/rm65_moveit_config
[2.500s] Level 1:colcon.colcon_core.environment:create_environment_scripts_only(rm65_control)
[2.501s] Level 1:colcon.colcon_core.environment:checking '/root/ros2_ws/install/rm65_control' for CMake module files
[2.502s] DEBUG:colcon.colcon_core.event_handler.log_command:Invoked command in '/root/ros2_ws/build/rm65_control' returned '0': CMAKE_PREFIX_PATH=/root/ros2_ws/install/rm65_description:/root/ros2_ws/install/rm65_planner:/root/ros2_ws/install/rm65_moveit_config:/root/ros2_ws/install/rm65_control:/opt/ros/humble /usr/bin/cmake --install /root/ros2_ws/build/rm65_control
[2.502s] Level 1:colcon.colcon_core.environment:checking '/root/ros2_ws/install/rm65_control' for CMake config files
[2.502s] Level 1:colcon.colcon_core.shell:create_environment_hook('rm65_control', 'cmake_prefix_path')
[2.503s] INFO:colcon.colcon_core.shell:Creating environment hook '/root/ros2_ws/install/rm65_control/share/rm65_control/hook/cmake_prefix_path.ps1'
[2.503s] INFO:colcon.colcon_core.shell:Creating environment descriptor '/root/ros2_ws/install/rm65_control/share/rm65_control/hook/cmake_prefix_path.dsv'
[2.504s] INFO:colcon.colcon_core.shell:Creating environment hook '/root/ros2_ws/install/rm65_control/share/rm65_control/hook/cmake_prefix_path.sh'
[2.504s] Level 1:colcon.colcon_core.environment:checking '/root/ros2_ws/install/rm65_control/bin'
[2.504s] Level 1:colcon.colcon_core.environment:checking '/root/ros2_ws/install/rm65_control/lib/pkgconfig/rm65_control.pc'
[2.505s] Level 1:colcon.colcon_core.environment:checking '/root/ros2_ws/install/rm65_control/lib/python3.10/site-packages'
[2.505s] Level 1:colcon.colcon_core.environment:checking '/root/ros2_ws/install/rm65_control/bin'
[2.505s] INFO:colcon.colcon_core.shell:Creating package script '/root/ros2_ws/install/rm65_control/share/rm65_control/package.ps1'
[2.506s] INFO:colcon.colcon_core.shell:Creating package descriptor '/root/ros2_ws/install/rm65_control/share/rm65_control/package.dsv'
[2.506s] INFO:colcon.colcon_core.shell:Creating package script '/root/ros2_ws/install/rm65_control/share/rm65_control/package.sh'
[2.506s] INFO:colcon.colcon_core.shell:Creating package script '/root/ros2_ws/install/rm65_control/share/rm65_control/package.bash'
[2.507s] INFO:colcon.colcon_core.shell:Creating package script '/root/ros2_ws/install/rm65_control/share/rm65_control/package.zsh'
[2.508s] Level 1:colcon.colcon_core.environment:create_file_with_runtime_dependencies(/root/ros2_ws/install/rm65_control/share/colcon-core/packages/rm65_control)
[2.508s] Level 1:colcon.colcon_core.environment:create_environment_scripts_only(rm65_control)
[2.509s] Level 1:colcon.colcon_core.environment:checking '/root/ros2_ws/install/rm65_control' for CMake module files
[2.509s] Level 1:colcon.colcon_core.environment:checking '/root/ros2_ws/install/rm65_control' for CMake config files
[2.509s] Level 1:colcon.colcon_core.shell:create_environment_hook('rm65_control', 'cmake_prefix_path')
[2.509s] INFO:colcon.colcon_core.shell:Creating environment hook '/root/ros2_ws/install/rm65_control/share/rm65_control/hook/cmake_prefix_path.ps1'
[2.510s] INFO:colcon.colcon_core.shell:Creating environment descriptor '/root/ros2_ws/install/rm65_control/share/rm65_control/hook/cmake_prefix_path.dsv'
[2.510s] INFO:colcon.colcon_core.shell:Creating environment hook '/root/ros2_ws/install/rm65_control/share/rm65_control/hook/cmake_prefix_path.sh'
[2.511s] Level 1:colcon.colcon_core.environment:checking '/root/ros2_ws/install/rm65_control/bin'
[2.511s] Level 1:colcon.colcon_core.environment:checking '/root/ros2_ws/install/rm65_control/lib/pkgconfig/rm65_control.pc'
[2.512s] Level 1:colcon.colcon_core.environment:checking '/root/ros2_ws/install/rm65_control/lib/python3.10/site-packages'
[2.512s] Level 1:colcon.colcon_core.environment:checking '/root/ros2_ws/install/rm65_control/bin'
[2.512s] INFO:colcon.colcon_core.shell:Creating package script '/root/ros2_ws/install/rm65_control/share/rm65_control/package.ps1'
[2.513s] INFO:colcon.colcon_core.shell:Creating package descriptor '/root/ros2_ws/install/rm65_control/share/rm65_control/package.dsv'
[2.514s] INFO:colcon.colcon_core.shell:Creating package script '/root/ros2_ws/install/rm65_control/share/rm65_control/package.sh'
[2.515s] INFO:colcon.colcon_core.shell:Creating package script '/root/ros2_ws/install/rm65_control/share/rm65_control/package.bash'
[2.515s] INFO:colcon.colcon_core.shell:Creating package script '/root/ros2_ws/install/rm65_control/share/rm65_control/package.zsh'
[2.516s] Level 1:colcon.colcon_core.environment:create_file_with_runtime_dependencies(/root/ros2_ws/install/rm65_control/share/colcon-core/packages/rm65_control)
[2.719s] Level 1:colcon.colcon_core.environment:create_environment_scripts_only(rm65_moveit_config)
[2.720s] Level 1:colcon.colcon_core.environment:checking '/root/ros2_ws/install/rm65_moveit_config' for CMake module files
[2.720s] DEBUG:colcon.colcon_core.event_handler.log_command:Invoked command in '/root/ros2_ws/build/rm65_moveit_config' returned '0': CMAKE_PREFIX_PATH=/root/ros2_ws/install/rm65_description:/root/ros2_ws/install/rm65_planner:/root/ros2_ws/install/rm65_moveit_config:/root/ros2_ws/install/rm65_control:/opt/ros/humble /usr/bin/cmake --install /root/ros2_ws/build/rm65_moveit_config
[2.720s] Level 1:colcon.colcon_core.environment:checking '/root/ros2_ws/install/rm65_moveit_config' for CMake config files
[2.721s] Level 1:colcon.colcon_core.shell:create_environment_hook('rm65_moveit_config', 'cmake_prefix_path')
[2.721s] INFO:colcon.colcon_core.shell:Creating environment hook '/root/ros2_ws/install/rm65_moveit_config/share/rm65_moveit_config/hook/cmake_prefix_path.ps1'
[2.721s] INFO:colcon.colcon_core.shell:Creating environment descriptor '/root/ros2_ws/install/rm65_moveit_config/share/rm65_moveit_config/hook/cmake_prefix_path.dsv'
[2.722s] INFO:colcon.colcon_core.shell:Creating environment hook '/root/ros2_ws/install/rm65_moveit_config/share/rm65_moveit_config/hook/cmake_prefix_path.sh'
[2.722s] Level 1:colcon.colcon_core.environment:checking '/root/ros2_ws/install/rm65_moveit_config/bin'
[2.722s] Level 1:colcon.colcon_core.environment:checking '/root/ros2_ws/install/rm65_moveit_config/lib/pkgconfig/rm65_moveit_config.pc'
[2.722s] Level 1:colcon.colcon_core.environment:checking '/root/ros2_ws/install/rm65_moveit_config/lib/python3.10/site-packages'
[2.723s] Level 1:colcon.colcon_core.environment:checking '/root/ros2_ws/install/rm65_moveit_config/bin'
[2.723s] INFO:colcon.colcon_core.shell:Creating package script '/root/ros2_ws/install/rm65_moveit_config/share/rm65_moveit_config/package.ps1'
[2.723s] INFO:colcon.colcon_core.shell:Creating package descriptor '/root/ros2_ws/install/rm65_moveit_config/share/rm65_moveit_config/package.dsv'
[2.724s] INFO:colcon.colcon_core.shell:Creating package script '/root/ros2_ws/install/rm65_moveit_config/share/rm65_moveit_config/package.sh'
[2.724s] INFO:colcon.colcon_core.shell:Creating package script '/root/ros2_ws/install/rm65_moveit_config/share/rm65_moveit_config/package.bash'
[2.725s] INFO:colcon.colcon_core.shell:Creating package script '/root/ros2_ws/install/rm65_moveit_config/share/rm65_moveit_config/package.zsh'
[2.725s] Level 1:colcon.colcon_core.environment:create_file_with_runtime_dependencies(/root/ros2_ws/install/rm65_moveit_config/share/colcon-core/packages/rm65_moveit_config)
[2.725s] Level 1:colcon.colcon_core.environment:create_environment_scripts_only(rm65_moveit_config)
[2.726s] Level 1:colcon.colcon_core.environment:checking '/root/ros2_ws/install/rm65_moveit_config' for CMake module files
[2.726s] Level 1:colcon.colcon_core.environment:checking '/root/ros2_ws/install/rm65_moveit_config' for CMake config files
[2.726s] Level 1:colcon.colcon_core.shell:create_environment_hook('rm65_moveit_config', 'cmake_prefix_path')
[2.726s] INFO:colcon.colcon_core.shell:Creating environment hook '/root/ros2_ws/install/rm65_moveit_config/share/rm65_moveit_config/hook/cmake_prefix_path.ps1'
[2.727s] INFO:colcon.colcon_core.shell:Creating environment descriptor '/root/ros2_ws/install/rm65_moveit_config/share/rm65_moveit_config/hook/cmake_prefix_path.dsv'
[2.727s] INFO:colcon.colcon_core.shell:Creating environment hook '/root/ros2_ws/install/rm65_moveit_config/share/rm65_moveit_config/hook/cmake_prefix_path.sh'
[2.728s] Level 1:colcon.colcon_core.environment:checking '/root/ros2_ws/install/rm65_moveit_config/bin'
[2.728s] Level 1:colcon.colcon_core.environment:checking '/root/ros2_ws/install/rm65_moveit_config/lib/pkgconfig/rm65_moveit_config.pc'
[2.728s] Level 1:colcon.colcon_core.environment:checking '/root/ros2_ws/install/rm65_moveit_config/lib/python3.10/site-packages'
[2.729s] Level 1:colcon.colcon_core.environment:checking '/root/ros2_ws/install/rm65_moveit_config/bin'
[2.729s] INFO:colcon.colcon_core.shell:Creating package script '/root/ros2_ws/install/rm65_moveit_config/share/rm65_moveit_config/package.ps1'
[2.730s] INFO:colcon.colcon_core.shell:Creating package descriptor '/root/ros2_ws/install/rm65_moveit_config/share/rm65_moveit_config/package.dsv'
[2.730s] INFO:colcon.colcon_core.shell:Creating package script '/root/ros2_ws/install/rm65_moveit_config/share/rm65_moveit_config/package.sh'
[2.731s] INFO:colcon.colcon_core.shell:Creating package script '/root/ros2_ws/install/rm65_moveit_config/share/rm65_moveit_config/package.bash'
[2.731s] INFO:colcon.colcon_core.shell:Creating package script '/root/ros2_ws/install/rm65_moveit_config/share/rm65_moveit_config/package.zsh'
[2.732s] Level 1:colcon.colcon_core.environment:create_file_with_runtime_dependencies(/root/ros2_ws/install/rm65_moveit_config/share/colcon-core/packages/rm65_moveit_config)
[9.502s] DEBUG:colcon.colcon_core.event_handler.log_command:Invoked command in '/root/ros2_ws/build/rm65_planner' returned '0': CMAKE_PREFIX_PATH=${CMAKE_PREFIX_PATH}:/opt/ros/humble /usr/bin/cmake --build /root/ros2_ws/build/rm65_planner -- -j6 -l6
[9.503s] DEBUG:colcon.colcon_core.event_handler.log_command:Invoking command in '/root/ros2_ws/build/rm65_planner': CMAKE_PREFIX_PATH=${CMAKE_PREFIX_PATH}:/opt/ros/humble /usr/bin/cmake --install /root/ros2_ws/build/rm65_planner
[9.771s] Level 1:colcon.colcon_core.environment:create_environment_scripts_only(rm65_planner)
[9.771s] Level 1:colcon.colcon_core.environment:checking '/root/ros2_ws/install/rm65_planner' for CMake module files
[9.772s] DEBUG:colcon.colcon_core.event_handler.log_command:Invoked command in '/root/ros2_ws/build/rm65_planner' returned '0': CMAKE_PREFIX_PATH=${CMAKE_PREFIX_PATH}:/opt/ros/humble /usr/bin/cmake --install /root/ros2_ws/build/rm65_planner
[9.772s] Level 1:colcon.colcon_core.environment:checking '/root/ros2_ws/install/rm65_planner' for CMake config files
[9.772s] Level 1:colcon.colcon_core.shell:create_environment_hook('rm65_planner', 'cmake_prefix_path')
[9.773s] INFO:colcon.colcon_core.shell:Creating environment hook '/root/ros2_ws/install/rm65_planner/share/rm65_planner/hook/cmake_prefix_path.ps1'
[9.773s] INFO:colcon.colcon_core.shell:Creating environment descriptor '/root/ros2_ws/install/rm65_planner/share/rm65_planner/hook/cmake_prefix_path.dsv'
[9.774s] INFO:colcon.colcon_core.shell:Creating environment hook '/root/ros2_ws/install/rm65_planner/share/rm65_planner/hook/cmake_prefix_path.sh'
[9.774s] Level 1:colcon.colcon_core.environment:checking '/root/ros2_ws/install/rm65_planner/lib'
[9.774s] Level 1:colcon.colcon_core.shell:create_environment_hook('rm65_planner', 'ld_library_path_lib')
[9.775s] INFO:colcon.colcon_core.shell:Creating environment hook '/root/ros2_ws/install/rm65_planner/share/rm65_planner/hook/ld_library_path_lib.ps1'
[9.775s] INFO:colcon.colcon_core.shell:Creating environment descriptor '/root/ros2_ws/install/rm65_planner/share/rm65_planner/hook/ld_library_path_lib.dsv'
[9.775s] INFO:colcon.colcon_core.shell:Creating environment hook '/root/ros2_ws/install/rm65_planner/share/rm65_planner/hook/ld_library_path_lib.sh'
[9.776s] Level 1:colcon.colcon_core.environment:checking '/root/ros2_ws/install/rm65_planner/bin'
[9.776s] Level 1:colcon.colcon_core.environment:checking '/root/ros2_ws/install/rm65_planner/lib/pkgconfig/rm65_planner.pc'
[9.776s] Level 1:colcon.colcon_core.environment:checking '/root/ros2_ws/install/rm65_planner/lib/python3.10/site-packages'
[9.776s] Level 1:colcon.colcon_core.environment:checking '/root/ros2_ws/install/rm65_planner/bin'
[9.777s] INFO:colcon.colcon_core.shell:Creating package script '/root/ros2_ws/install/rm65_planner/share/rm65_planner/package.ps1'
[9.777s] INFO:colcon.colcon_core.shell:Creating package descriptor '/root/ros2_ws/install/rm65_planner/share/rm65_planner/package.dsv'
[9.778s] INFO:colcon.colcon_core.shell:Creating package script '/root/ros2_ws/install/rm65_planner/share/rm65_planner/package.sh'
[9.778s] INFO:colcon.colcon_core.shell:Creating package script '/root/ros2_ws/install/rm65_planner/share/rm65_planner/package.bash'
[9.778s] INFO:colcon.colcon_core.shell:Creating package script '/root/ros2_ws/install/rm65_planner/share/rm65_planner/package.zsh'
[9.779s] Level 1:colcon.colcon_core.environment:create_file_with_runtime_dependencies(/root/ros2_ws/install/rm65_planner/share/colcon-core/packages/rm65_planner)
[9.779s] Level 1:colcon.colcon_core.environment:create_environment_scripts_only(rm65_planner)
[9.779s] Level 1:colcon.colcon_core.environment:checking '/root/ros2_ws/install/rm65_planner' for CMake module files
[9.780s] Level 1:colcon.colcon_core.environment:checking '/root/ros2_ws/install/rm65_planner' for CMake config files
[9.780s] Level 1:colcon.colcon_core.shell:create_environment_hook('rm65_planner', 'cmake_prefix_path')
[9.780s] INFO:colcon.colcon_core.shell:Creating environment hook '/root/ros2_ws/install/rm65_planner/share/rm65_planner/hook/cmake_prefix_path.ps1'
[9.781s] INFO:colcon.colcon_core.shell:Creating environment descriptor '/root/ros2_ws/install/rm65_planner/share/rm65_planner/hook/cmake_prefix_path.dsv'
[9.781s] INFO:colcon.colcon_core.shell:Creating environment hook '/root/ros2_ws/install/rm65_planner/share/rm65_planner/hook/cmake_prefix_path.sh'
[9.782s] Level 1:colcon.colcon_core.environment:checking '/root/ros2_ws/install/rm65_planner/lib'
[9.782s] Level 1:colcon.colcon_core.shell:create_environment_hook('rm65_planner', 'ld_library_path_lib')
[9.782s] INFO:colcon.colcon_core.shell:Creating environment hook '/root/ros2_ws/install/rm65_planner/share/rm65_planner/hook/ld_library_path_lib.ps1'
[9.783s] INFO:colcon.colcon_core.shell:Creating environment descriptor '/root/ros2_ws/install/rm65_planner/share/rm65_planner/hook/ld_library_path_lib.dsv'
[9.783s] INFO:colcon.colcon_core.shell:Creating environment hook '/root/ros2_ws/install/rm65_planner/share/rm65_planner/hook/ld_library_path_lib.sh'
[9.784s] Level 1:colcon.colcon_core.environment:checking '/root/ros2_ws/install/rm65_planner/bin'
[9.784s] Level 1:colcon.colcon_core.environment:checking '/root/ros2_ws/install/rm65_planner/lib/pkgconfig/rm65_planner.pc'
[9.784s] Level 1:colcon.colcon_core.environment:checking '/root/ros2_ws/install/rm65_planner/lib/python3.10/site-packages'
[9.784s] Level 1:colcon.colcon_core.environment:checking '/root/ros2_ws/install/rm65_planner/bin'
[9.785s] INFO:colcon.colcon_core.shell:Creating package script '/root/ros2_ws/install/rm65_planner/share/rm65_planner/package.ps1'
[9.785s] INFO:colcon.colcon_core.shell:Creating package descriptor '/root/ros2_ws/install/rm65_planner/share/rm65_planner/package.dsv'
[9.786s] INFO:colcon.colcon_core.shell:Creating package script '/root/ros2_ws/install/rm65_planner/share/rm65_planner/package.sh'
[9.787s] INFO:colcon.colcon_core.shell:Creating package script '/root/ros2_ws/install/rm65_planner/share/rm65_planner/package.bash'
[9.787s] INFO:colcon.colcon_core.shell:Creating package script '/root/ros2_ws/install/rm65_planner/share/rm65_planner/package.zsh'
[9.787s] Level 1:colcon.colcon_core.environment:create_file_with_runtime_dependencies(/root/ros2_ws/install/rm65_planner/share/colcon-core/packages/rm65_planner)
[9.788s] DEBUG:colcon.colcon_parallel_executor.executor.parallel:closing loop
[9.788s] DEBUG:colcon.colcon_parallel_executor.executor.parallel:loop closed
[9.788s] DEBUG:colcon.colcon_parallel_executor.executor.parallel:run_until_complete finished with '0'
[9.788s] DEBUG:colcon.colcon_core.event_reactor:joining thread
[9.796s] INFO:colcon.colcon_core.plugin_system:Skipping extension 'colcon_notification.desktop_notification.terminal_notifier': Not used on non-Darwin systems
[9.796s] INFO:colcon.colcon_core.plugin_system:Skipping extension 'colcon_notification.desktop_notification.win32': Not used on non-Windows systems
[9.796s] INFO:colcon.colcon_notification.desktop_notification:Sending desktop notification using 'notify2'
[9.806s] DEBUG:colcon.colcon_notification.desktop_notification.notify2:Failed to initialize notify2: org.freedesktop.DBus.Error.ServiceUnknown: The name org.freedesktop.Notifications was not provided by any .service files
[9.806s] DEBUG:colcon.colcon_core.event_reactor:joined thread
[9.807s] INFO:colcon.colcon_core.shell:Creating prefix script '/root/ros2_ws/install/local_setup.ps1'
[9.808s] INFO:colcon.colcon_core.shell:Creating prefix util module '/root/ros2_ws/install/_local_setup_util_ps1.py'
[9.810s] INFO:colcon.colcon_core.shell:Creating prefix chain script '/root/ros2_ws/install/setup.ps1'
[9.811s] INFO:colcon.colcon_core.shell:Creating prefix script '/root/ros2_ws/install/local_setup.sh'
[9.812s] INFO:colcon.colcon_core.shell:Creating prefix util module '/root/ros2_ws/install/_local_setup_util_sh.py'
[9.813s] INFO:colcon.colcon_core.shell:Creating prefix chain script '/root/ros2_ws/install/setup.sh'
[9.815s] INFO:colcon.colcon_core.shell:Creating prefix script '/root/ros2_ws/install/local_setup.bash'
[9.816s] INFO:colcon.colcon_core.shell:Creating prefix chain script '/root/ros2_ws/install/setup.bash'
[9.817s] INFO:colcon.colcon_core.shell:Creating prefix script '/root/ros2_ws/install/local_setup.zsh'
[9.818s] INFO:colcon.colcon_core.shell:Creating prefix chain script '/root/ros2_ws/install/setup.zsh'
